0 info it worked if it ends with ok
1 verbose cli [ 'node', '/usr/local/bin/npm', 'start' ]
2 info using npm@1.1.62
3 info using node@v0.6.16
4 verbose node symlink /usr/local/bin/node
5 verbose read json /Users/kgorman/workspace/Github/WMG_speed/app/theme-dashboard/package.json
6 verbose run-script [ 'prestart', 'start', 'poststart' ]
7 info prestart toolkit-dashboard@1.0.0
8 info start toolkit-dashboard@1.0.0
9 verbose unsafe-perm in lifecycle true
10 silly exec sh "-c" "./node_modules/.bin/gulp docs"
11 silly sh,-c,./node_modules/.bin/gulp docs,/Users/kgorman/workspace/Github/WMG_speed/app/theme-dashboard spawning
12 info toolkit-dashboard@1.0.0 Failed to exec start script
13 error toolkit-dashboard@1.0.0 start: `./node_modules/.bin/gulp docs`
13 error `sh "-c" "./node_modules/.bin/gulp docs"` failed with 127
14 error Failed at the toolkit-dashboard@1.0.0 start script.
14 error This is most likely a problem with the toolkit-dashboard package,
14 error not with npm itself.
14 error Tell the author that this fails on your system:
14 error     ./node_modules/.bin/gulp docs
14 error You can get their info via:
14 error     npm owner ls toolkit-dashboard
14 error There is likely additional logging output above.
15 error System Darwin 14.5.0
16 error command "node" "/usr/local/bin/npm" "start"
17 error cwd /Users/kgorman/workspace/Github/WMG_speed/app/theme-dashboard
18 error node -v v0.6.16
19 error npm -v 1.1.62
20 error code ELIFECYCLE
21 verbose exit [ 1, true ]
